----------------------------------------------------------------
<<<<<<< HEAD
Thu Jul 12 23:27:08 BRT 2018:
Booting Derby version The Apache Software Foundation - Apache Derby - 10.14.2.0 - (1828579): instance a816c00e-0164-9176-9ee0-000002852b68 
on database directory memory:/home/vitor/eclipse-workspace/git/SISFARJ/mockdb with class loader sun.misc.Launcher$AppClassLoader@77459877 
Loaded from file:/home/vitor/eclipse-workspace/git/SISFARJ/lib/derby.jar
=======
Thu Jul 12 23:55:43 BRT 2018:
Booting Derby version The Apache Software Foundation - Apache Derby - 10.14.2.0 - (1828579): instance a816c00e-0164-9190-cb14-00000444f078 
on database directory memory:/home/ivo/git/SISFARJ/mockdb with class loader sun.misc.Launcher$AppClassLoader@28a418fc 
Loaded from file:/home/ivo/git/SISFARJ/lib/derby.jar
>>>>>>> master
java.vendor=Oracle Corporation
java.runtime.version=1.8.0_171-8u171-b11-0ubuntu0.16.04.1-b11
user.dir=/home/ivo/git/SISFARJ
os.name=Linux
os.arch=amd64
os.version=4.13.0-43-generic
derby.system.home=null
Database Class Loader started - derby.database.classpath=''
